2025-04-10 18:27:55,913 ERROR: Exception on /verify-otp [GET] [in D:\DBS\Semester 1\Advance Programming Techniques\CA\CA-2\APT_CA2_HIRE\venv\Lib\site-packages\flask\app.py:875]
Traceback (most recent call last):
  File "D:\DBS\Semester 1\Advance Programming Techniques\CA\CA-2\APT_CA2_HIRE\venv\Lib\site-packages\flask\app.py", line 1511, in wsgi_app
    response = self.full_dispatch_request()
  File "D:\DBS\Semester 1\Advance Programming Techniques\CA\CA-2\APT_CA2_HIRE\venv\Lib\site-packages\flask\app.py", line 919, in full_dispatch_request
    rv = self.handle_user_exception(e)
  File "D:\DBS\Semester 1\Advance Programming Techniques\CA\CA-2\APT_CA2_HIRE\venv\Lib\site-packages\flask\app.py", line 917, in full_dispatch_request
    rv = self.dispatch_request()
  File "D:\DBS\Semester 1\Advance Programming Techniques\CA\CA-2\APT_CA2_HIRE\venv\Lib\site-packages\flask\app.py", line 902, in dispatch_request
    return self.ensure_sync(self.view_functions[rule.endpoint])(**view_args)  # type: ignore[no-any-return]
           ~~~~~~~~~~~~~~~~~~~~~~~~~~~~~~~~~~~~~~~~~~~~~~~~~~~~^^^^^^^^^^^^^
  File "D:\DBS\Semester 1\Advance Programming Techniques\CA\CA-2\APT_CA2_HIRE\routes.py", line 102, in verify_otp
    return render_template('main.verify_otp.html')
  File "D:\DBS\Semester 1\Advance Programming Techniques\CA\CA-2\APT_CA2_HIRE\venv\Lib\site-packages\flask\templating.py", line 149, in render_template
    template = app.jinja_env.get_or_select_template(template_name_or_list)
  File "D:\DBS\Semester 1\Advance Programming Techniques\CA\CA-2\APT_CA2_HIRE\venv\Lib\site-packages\jinja2\environment.py", line 1087, in get_or_select_template
    return self.get_template(template_name_or_list, parent, globals)
           ~~~~~~~~~~~~~~~~~^^^^^^^^^^^^^^^^^^^^^^^^^^^^^^^^^^^^^^^^
  File "D:\DBS\Semester 1\Advance Programming Techniques\CA\CA-2\APT_CA2_HIRE\venv\Lib\site-packages\jinja2\environment.py", line 1016, in get_template
    return self._load_template(name, globals)
           ~~~~~~~~~~~~~~~~~~~^^^^^^^^^^^^^^^
  File "D:\DBS\Semester 1\Advance Programming Techniques\CA\CA-2\APT_CA2_HIRE\venv\Lib\site-packages\jinja2\environment.py", line 975, in _load_template
    template = self.loader.load(self, name, self.make_globals(globals))
  File "D:\DBS\Semester 1\Advance Programming Techniques\CA\CA-2\APT_CA2_HIRE\venv\Lib\site-packages\jinja2\loaders.py", line 126, in load
    source, filename, uptodate = self.get_source(environment, name)
                                 ~~~~~~~~~~~~~~~^^^^^^^^^^^^^^^^^^^
  File "D:\DBS\Semester 1\Advance Programming Techniques\CA\CA-2\APT_CA2_HIRE\venv\Lib\site-packages\flask\templating.py", line 65, in get_source
    return self._get_source_fast(environment, template)
           ~~~~~~~~~~~~~~~~~~~~~^^^^^^^^^^^^^^^^^^^^^^^
  File "D:\DBS\Semester 1\Advance Programming Techniques\CA\CA-2\APT_CA2_HIRE\venv\Lib\site-packages\flask\templating.py", line 99, in _get_source_fast
    raise TemplateNotFound(template)
jinja2.exceptions.TemplateNotFound: main.verify_otp.html
2025-04-10 18:27:55,936 ERROR: 500 error: 500 Internal Server Error: The server encountered an internal error and was unable to complete your request. Either the server is overloaded or there is an error in the application. [in D:\DBS\Semester 1\Advance Programming Techniques\CA\CA-2\APT_CA2_HIRE\app.py:89]
2025-04-10 18:33:07,273 INFO: HIRE Platform startup [in D:\DBS\Semester 1\Advance Programming Techniques\CA\CA-2\APT_CA2_HIRE\app.py:32]
2025-04-10 18:33:07,296 INFO: Creating database tables [in D:\DBS\Semester 1\Advance Programming Techniques\CA\CA-2\APT_CA2_HIRE\app.py:44]
2025-04-10 18:37:01,811 INFO: HIRE Platform startup [in D:\DBS\Semester 1\Advance Programming Techniques\CA\CA-2\APT_CA2_HIRE\app.py:32]
2025-04-10 18:37:01,840 INFO: Creating database tables [in D:\DBS\Semester 1\Advance Programming Techniques\CA\CA-2\APT_CA2_HIRE\app.py:44]
2025-04-10 18:40:26,663 INFO: HIRE Platform startup [in D:\DBS\Semester 1\Advance Programming Techniques\CA\CA-2\APT_CA2_HIRE\app.py:32]
2025-04-10 18:40:26,690 INFO: Creating database tables [in D:\DBS\Semester 1\Advance Programming Techniques\CA\CA-2\APT_CA2_HIRE\app.py:44]
